<?xml version="1.0" encoding="UTF-8"?>
<!-- Generated by org.testng.reporters.JUnitReportReporter -->
<testsuite skipped="0" hostname="LAPTOP-NJ2RUBPG" name="MagentoLogin.MagentoLoginData" tests="1" failures="0" timestamp="06 Jan 2021 12:02:45 GMT" time="176.659" errors="0">
  <testcase name="LoginToMagenta" time="176.659" classname="MagentoLogin.MagentoLoginData"/>
</testsuite> <!-- MagentoLogin.MagentoLoginData -->
