<?xml version="1.0" encoding="UTF-8"?>
<!-- Generated by org.testng.reporters.JUnitReportReporter -->
<testsuite skipped="0" hostname="LAPTOP-NJ2RUBPG" name="MagentoLogin.NewTest" tests="1" failures="0" timestamp="29 Dec 2020 06:14:16 GMT" time="0.022" errors="0">
  <testcase name="f" time="0.022" classname="MagentoLogin.NewTest"/>
</testsuite> <!-- MagentoLogin.NewTest -->
