<?xml version="1.0" encoding="UTF-8"?>
<!-- Generated by org.testng.reporters.JUnitReportReporter -->
<testsuite skipped="0" hostname="LAPTOP-NJ2RUBPG" name="MagentoLogin.InvalidLogin" tests="1" failures="0" timestamp="06 Jan 2021 06:02:30 GMT" time="194.260" errors="0">
  <testcase name="LoginToMagenta" time="194.260" classname="MagentoLogin.InvalidLogin"/>
</testsuite> <!-- MagentoLogin.InvalidLogin -->
